<?xml version="1.0" encoding="UTF-8"?>
<!-- Generated by org.testng.reporters.JUnitReportReporter -->
<testsuite hostname="DESKTOP-ERMO56R" failures="0" tests="4" name="com.qa.wildcart.test.HomePageTest" time="1.120" errors="0" timestamp="12 Jan 2021 02:09:11 GMT" skipped="0">
  <testcase classname="com.qa.wildcart.test.HomePageTest" name="verifyHomePageTitle" time="0.516"/>
  <testcase classname="com.qa.wildcart.test.HomePageTest" name="verifyLoggedUserTest" time="0.364"/>
  <testcase classname="com.qa.wildcart.test.HomePageTest" name="verifyProdListCount" time="0.026"/>
  <testcase classname="com.qa.wildcart.test.HomePageTest" name="verifyProdList" time="0.214"/>
</testsuite> <!-- com.qa.wildcart.test.HomePageTest -->
