<?xml version="1.0" encoding="UTF-8"?>
<!-- Generated by org.testng.reporters.JUnitReportReporter -->
<testsuite hostname="DESKTOP-ERMO56R" failures="0" tests="2" name="com.mytest.HomePageTest" time="0.000" errors="0" timestamp="12 Jan 2021 01:56:02 GMT" skipped="2">
  <testcase classname="com.mytest.HomePageTest" name="crmHomePageTest" time="0.000">
    <skipped/>
  </testcase> <!-- crmHomePageTest -->
  <testcase classname="com.mytest.HomePageTest" name="crmHomePageTest1" time="0.000">
    <skipped/>
  </testcase> <!-- crmHomePageTest1 -->
</testsuite> <!-- com.mytest.HomePageTest -->
